<?xml version="1.0" encoding="UTF-8"?>
<!-- Generated by org.testng.reporters.JUnitXMLReporter -->
<testsuite ignored="1" hostname="DESKTOP-O18LJV1" failures="1" tests="1" name="ToolsQA" time="12.464" errors="0" timestamp="2023-11-13T15:44:48 IST">
  <testcase classname="org.TestBase.Explorer_100_ECC_TC" name="explorer_100_ECC" time="1.993">
    <failure type="org.openqa.selenium.ElementClickInterceptedException" message="element click intercepted: Element &amp;lt;div class=&amp;quot;mat-mdc-select-value ng-tns-c3393473648-8&amp;quot; id=&amp;quot;mat-select-value-1&amp;quot;&amp;gt;...&amp;lt;/div&amp;gt; is not clickable at point (202, 83). Other element would receive the click: &amp;lt;div _ngcontent-ng-c946167581=&amp;quot;&amp;quot; class=&amp;quot;fixed inset-0 h-full w-full flex flex-row justify-center items-center backdrop-blur-sm z-[1000] zIndex ng-star-inserted&amp;quot;&amp;gt;...&amp;lt;/div&amp;gt;
  (Session info: chrome=119.0.6045.124)
Build info: version: &amp;apos;4.12.0&amp;apos;, revision: &amp;apos;249f2a7d1b*&amp;apos;
System info: os.name: &amp;apos;Windows 10&amp;apos;, os.arch: &amp;apos;amd64&amp;apos;, os.version: &amp;apos;10.0&amp;apos;, java.version: &amp;apos;17.0.8&amp;apos;
Driver info: org.openqa.selenium.chrome.ChromeDriver
Command: [2e5c6235b5111bc8650597f6f0de5891, clickElement {id=D4D834F9A1029E8DF34E7CE33CBAD296_element_33}]
Capabilities {acceptInsecureCerts: false, browserName: chrome, browserVersion: 119.0.6045.124, chrome: {chromedriverVersion: 119.0.6045.105 (38c72552c5e..., userDataDir: C:\Users\NIRMAL~1.J_S\AppDa...}, fedcm:accounts: true, goog:chromeOptions: {debuggerAddress: localhost:55059}, networkConnectionEnabled: false, pageLoadStrategy: normal, platformName: windows, proxy: Proxy(), se:cdp: ws://localhost:55059/devtoo..., se:cdpVersion: 119.0.6045.124, setWindowRect: true, strictFileInteractability: false, timeouts: {implicit: 0, pageLoad: 300000, script: 30000}, unhandledPromptBehavior: dismiss and notify, webauthn:extension:credBlob: true, webauthn:extension:largeBlob: true, webauthn:extension:minPinLength: true, webauthn:extension:prf: true, webauthn:virtualAuthenticators: true}
Element: [[ChromeDriver: chrome on windows (2e5c6235b5111bc8650597f6f0de5891)] -&amp;gt; xpath: //div[@id=&amp;apos;mat-select-value-1&amp;apos;]]
Session ID: 2e5c6235b5111bc8650597f6f0de5891">
      <![CDATA[org.openqa.selenium.ElementClickInterceptedException: element click intercepted: Element <div class="mat-mdc-select-value ng-tns-c3393473648-8" id="mat-select-value-1">...</div> is not clickable at point (202, 83). Other element would receive the click: <div _ngcontent-ng-c946167581="" class="fixed inset-0 h-full w-full flex flex-row justify-center items-center backdrop-blur-sm z-[1000] zIndex ng-star-inserted">...</div>
  (Session info: chrome=119.0.6045.124)
Build info: version: '4.12.0', revision: '249f2a7d1b*'
System info: os.name: 'Windows 10', os.arch: 'amd64', os.version: '10.0', java.version: '17.0.8'
Driver info: org.openqa.selenium.chrome.ChromeDriver
Command: [2e5c6235b5111bc8650597f6f0de5891, clickElement {id=D4D834F9A1029E8DF34E7CE33CBAD296_element_33}]
Capabilities {acceptInsecureCerts: false, browserName: chrome, browserVersion: 119.0.6045.124, chrome: {chromedriverVersion: 119.0.6045.105 (38c72552c5e..., userDataDir: C:\Users\NIRMAL~1.J_S\AppDa...}, fedcm:accounts: true, goog:chromeOptions: {debuggerAddress: localhost:55059}, networkConnectionEnabled: false, pageLoadStrategy: normal, platformName: windows, proxy: Proxy(), se:cdp: ws://localhost:55059/devtoo..., se:cdpVersion: 119.0.6045.124, setWindowRect: true, strictFileInteractability: false, timeouts: {implicit: 0, pageLoad: 300000, script: 30000}, unhandledPromptBehavior: dismiss and notify, webauthn:extension:credBlob: true, webauthn:extension:largeBlob: true, webauthn:extension:minPinLength: true, webauthn:extension:prf: true, webauthn:virtualAuthenticators: true}
Element: [[ChromeDriver: chrome on windows (2e5c6235b5111bc8650597f6f0de5891)] -> xpath: //div[@id='mat-select-value-1']]
Session ID: 2e5c6235b5111bc8650597f6f0de5891
at org.openqa.selenium.remote.codec.w3c.W3CHttpResponseCodec.createException(W3CHttpResponseCodec.java:200)
at org.openqa.selenium.remote.codec.w3c.W3CHttpResponseCodec.decode(W3CHttpResponseCodec.java:133)
at org.openqa.selenium.remote.codec.w3c.W3CHttpResponseCodec.decode(W3CHttpResponseCodec.java:52)
at org.openqa.selenium.remote.HttpCommandExecutor.execute(HttpCommandExecutor.java:191)
at org.openqa.selenium.remote.service.DriverCommandExecutor.invokeExecute(DriverCommandExecutor.java:196)
at org.openqa.selenium.remote.service.DriverCommandExecutor.execute(DriverCommandExecutor.java:171)
at org.openqa.selenium.remote.RemoteWebDriver.execute(RemoteWebDriver.java:602)
at org.openqa.selenium.remote.RemoteWebElement.execute(RemoteWebElement.java:224)
at org.openqa.selenium.remote.RemoteWebElement.click(RemoteWebElement.java:77)
at org.openqa.selenium.support.pagefactory.internal.LocatingElementHandler.invoke(LocatingElementHandler.java:51)
at jdk.proxy2/jdk.proxy2.$Proxy17.click(Unknown Source)
at org.pageobjects.ExplorerPage_100_ECC.enterModelname(ExplorerPage_100_ECC.java:46)
at org.TestBase.Explorer_100_ECC_TC.explorer_100_ECC(Explorer_100_ECC_TC.java:43)
at java.base/java.util.ArrayList.forEach(ArrayList.java:1511)
... Removed 36 stack frames]]>
    </failure>
  </testcase> <!-- explorer_100_ECC -->
  <testcase classname="org.TestBase.Explorer_100_ECC_TC" name="eccminor" time="0.0">
    <ignored/>
  </testcase> <!-- eccminor -->
</testsuite> <!-- ToolsQA -->
